0.0002774723125033179
0.0009352471972502357
0.00043994229891186273
0.000731597453909373
0.0006529251017544327
0.0008549173864670476
0.00013953963976330016
0.0004862793801883898
0.0004999255676606114
-0.00016091263843600578
0.0004868222491920044
0.0011337526773451318
0.0008830409826747317
-0.000440898391900907
0.0006899555032148471
0.001117189021264431
-0.0003585683933798749
-0.0001779165152664083
0.001075241823061163
0.0007393597296451737
-0.00018223186931039885
-0.0003323809514311652
3.4068149324996305e-06
0.00016969962929140202
0.0013127545558995013
0.0004925736824961221
0.0005689909947772926
0.0003334484301686049
0.0010577506906527276
-0.00035089068212069567
-7.954325855012846e-05
-7.669137815386964e-05
0.0012053364749464203
0.0011959772068744926
0.0006804275400071523
0.00018067102642921077
0.0011649867907445805
0.0008448522214555612
-0.0003896706510425869
0.00036949079044181496
-0.0002856780597490071
-0.00013857947840812074
0.0006869083337140775
0.0007179644104772813
-0.00030718140650296753
0.001104756025830932
-0.000486930092869425
0.0008438328795002666
-0.00029053349813326076
0.0010731795757640747
0.0013565293417544728
-0.00029620917818225456
-0.0002815360342681314
0.0009109856799599675
0.00031491097821486534
0.0009726875164794396
0.00027499565624712066
0.0005186796834534521
0.0008685948482327353
0.0011562185349700091
-0.00026343670008330966
0.0005942392281228308
-0.0003233149509537521
0.001105148716195825
0.0004549764308477127
-0.00016078634167320723
0.0009778937143808772
0.0005529651303248093
0.0010716416020396453
4.495411417019262e-05
0.0014819116416074482
0.0011726877509763698
0.0009238998260738077
0.0004981571085501504
-0.0004222996699210735
0.0010648662424790855
0.0006252236461545999
0.0012777089969979278
-5.734679147361174e-05
0.000640712954447485
0.0008488296898432212
-3.8142241989305955e-05
0.0010397518657402109
0.0006868382658205314
-0.00019974546938025169
5.045909516972674e-05
-0.0003143627978771838
0.0006805828876808152
0.0001769612529611008
0.001232189091683738
0.0012439490849665406
0.0006363620741980669
-0.00019202077721825934
0.001087769367004391
4.396761955058171e-05
0.001076016480333964
-0.0002813983504970347
0.0008923980887151727
-0.000389158529654678
0.00013671755495492662
4.175742665203541e-05
-0.00015350231719417302
0.0007246830812830229
0.00014191963559844425
0.0010566507759605802
0.0014941505027466844
0.001136213409163808
0.0002661113067324085
-0.0001582187170059552
0.0015203812613832476
0.0003063876163715829
0.00045847416742277714
-0.00023426322082435264
0.0010256801026297354
0.0009938654851678707
0.0010526274327456843
1.8385307767646676e-05
-0.00023962695066001612
0.0003992020397605886
-0.0002898714907707855
0.00025413750694236096
0.0009656555041450189
-0.0003649260134085676
0.0005955785245200475
-0.00010763490508688861
0.0004474307609036846
0.0007782139908027123
0.0002868027591252547
0.00024272209911408536
0.0006261378452862803
0.0009001499330317669
0.00028198208520063665
0.0014463946562038423
0.0009664337214518234
0.0007424819854033172
0.0005337277416622078
0.00024573674764292026
0.001276183834042948
0.00018864753791260873
0.0013068178910993372
-0.00017208570425508788
0.0014995676872409836
-6.387554555605063e-05
0.0009898777215633899
-0.00047843776758696113
-0.0002552670511866053
-0.00016920100040952556
0.0013719801270039862
-0.00018737776367553483
0.0004861509423292155
-0.0003877433260728282
-3.0594704693811834e-05
0.0005282090455070955
0.0009468033261919981
0.00016751907644270374
-0.0002595039964964047
0.0012318849718401732
0.0012174472910759728
0.0003942465159747216
0.0010655648799477396
0.0012766621738019605
0.0007868912970960809
-2.1242515787307512e-05
0.0008862201379279389
-0.00039780888720004226
3.63800587486269e-05
-0.00043652728180812624
-0.00013769782553574482
-0.00017399729933380252
-8.562600107409406e-05
0.0013509171477031773
-0.0004001075957197727
0.0003333785608612315
0.0006472624565865766
0.0007158840508172926
0.0011887801638190503
0.0005588042253057732
0.00029574149049851434
0.0001843127554632243
7.763615516073092e-05
0.0002451938685410953
0.0004175945038204287
9.383507836623304e-05
-0.0004934317294979113
-0.0001524194465866928
-0.0003851923664432632
0.0007073985264677216
0.0012276502258989548
0.0005138765399992774
0.0013796935245789
3.742661838359738e-05
-6.358769745841132e-05
-0.0004703841884571452
0.0008150513299074779
-0.00016103122515231133
0.0007548276523194014
0.00017109002942391
0.00025955966750086776
0.000715553898313494
0.0005913581924298182
0.0005614189733305824
0.0014442417331661085
-0.00043391376723052127
0.0010231604879007193
0.0006812069353487385
0.0006256945816801656
0.00012895895661967348
5.6241356955909423e-05
0.0003750951082410248
-0.00012031513842951495
0.0009051440425385205
0.0011212517127208135
-0.00013649938783706427
0.0008327490003712955
0.0011691301664411523
0.000875699869098819
-0.00014514995289739187
0.0001215921549438222
0.0005748787087545249
0.0009759313119917154
0.0007635977905638113
-0.0001218558864142415
0.0010529309024880332
-0.00036222075351475315
0.0009198497394134844
0.00034651564838703166
4.4520045305469284e-05
0.0006742368350409774
0.0010482918467208952
0.000334587191417147
0.0006051788442697451
-0.0004303822552546758
0.00045839778789548034
-0.0004003469044961288
0.0012447675789758806
0.0009862174003538208
0.0005102749521722415
0.000470810688795843
0.0002082091989328085
-0.0002010208809316343
0.0007280398282084832
0.0005299884018357527
0.00028156161287348324
0.00040429097418728853
-0.00016550647381298776
0.001039142595073385
-0.0003383167037015744
0.0004722889687980119
0.001393005291336842
0.00018908551926352662
0.00018240389533844537
0.0008828001476163406
0.0011989752798538754
0.0005366186235334935
0.0007951276755984009
0.0013785931127477027
0.0004482710102431684
0.0002881869958983925
-2.306122622623547e-05
0.00036054478036468137
-0.0001121766782278891
-0.0002478930285317959
0.001217101823016418
0.0011645586756999626
-0.00019185608925982527
-0.00015861724419356663
0.0006258247892326167
-0.0001286725421078503
0.000972538657023621
0.0008938982259283325
-0.00035587789093332066
-0.0002328883577133629
0.0011065016933442765
-0.00040018152020948903
0.0006350758369796573
0.001150534627897566
0.0011223569261050728
0.0008105897648423383
0.0013008713067834499
-7.448277583890099e-06
-0.0002506051619234506
-0.00031962134890802353
0.0004267686339456876
0.0004896815848650474
-0.0003493166640612694
0.0004391647069682087
-0.00011385170478178295
-0.0002586039080235842
-0.0004375318480389902
0.0009413207135156735
-0.0003807102780355475
0.0014030286344365267
7.479089786751873e-05
0.00029674749355857
0.0005881461639808893
-0.00033837463168869924
0.0011528701824731332
0.0009032210357380197
0.0005635221160799366
0.00042764449623621583
0.00041909347919954614
0.0015319750606478824
0.0008845923752039321
0.0005631078047357313
0.0013717153995388707
-2.064697991721416e-06
-1.3897198446154579e-05
0.0008580517127537211
0.0005815887030380341
0.0002532644451324137
0.00029056039288133915
0.0010410136758435046
-0.000264230533216013
-0.0004373576992363275
0.00012925954339734739
0.0014071390678780478
0.0002857394876762475
0.0003910564076350026
0.0010223419909637127
0.0014187924309512557
0.0013394790585826448
0.0005723562874965838
-0.00018935658857337288
0.0005670814237417941
0.0011292750066629587
0.00091305728213986
-5.321126213037188e-05
0.0011753817526511043
-0.00031908116413746727
0.000866533207108673
0.0007485958532798766
0.0014424972561096032
0.0010149484519333658
0.0009984605226878818
0.0003897589504733625
-0.00029563344981270527
6.673234251905363e-05
0.0005002752773752904
0.0012462131422522082
0.0013652519221678118
0.0009043841411286185
0.0007624514401127706
-3.0089024487384145e-05
0.0012695319091278446
0.000155761130972814
-5.898393910970237e-05
0.0012824582668577995
4.286294191957652e-05
-0.00012400887884966163
0.0007012652969547937
0.00042946679389916167
0.0009119668562107073
-9.099964640286786e-05
0.000735981182679427
7.609139631705732e-05
0.0004999302613566462
0.0003901362309775163
0.00021913882420373826
-0.0001734229906409173
0.00041752164916164524
0.0012237066412229488
0.00034246539167979675
0.0011641909962197008
0.0008709055400864491
0.0014076930245075267
0.0006982420544225099
0.00019085304375639418
0.00014346483221692975
0.0003836175907412577
0.0012955817267460326
0.0007055789742390981
0.0005579911490964665
-0.00012513360849239813
-0.00020242537661599284
-0.00015329165712847363
0.00059962107510816
0.00013134939966816378
0.0013573851744034654
0.001034902414992684
0.0012276262268302019
-0.0003753757890894554
-9.402606044510287e-05
0.0014789514783358115
0.0011428429758894305
0.0002679294686337846
-0.00047785871694865323
-0.00014070758887250082
-0.00014141080483418705
0.0007593687796064522
0.0014897880558141395
0.0014089993817699956
0.0012120593916365961
0.0008302800755470161
-0.0004924741788679578
-0.00017371239742347238
0.0009362262125890272
6.480434183934047e-05
0.0006063168606196051
3.49719391032099e-05
0.0005421191991731947
-0.0003637668966609377
0.0015340984950601283
0.000985340539267386
0.0007060902096125593
-0.0004734415076603604
0.0006429065798770196
0.001080761535237413
-0.00032270295634179115
0.0005880893406157244
0.001498135597634198
0.0008578286131328732
0.001487495627479841
0.00032463776323245815
-0.00019801768799667651
0.0009694277333660325
0.0001465742084059701
8.803164188702141e-05
0.001015214356151279
0.0002705437619418321
0.00030615840756900963
-0.00042797023440983715
0.00011721438400061205
-0.0003045104882860396
0.00032217093852378835
0.00011485218512069528
0.001112369193315306
0.00012100537309135813
0.0002645490161771463
0.0009557446771186739
0.0004767371073129212
-0.00022154855930521004
0.00025878573903812983
0.0008004735579921614
0.000924547263352102
0.0012771648191627165
-0.0002911661132862525
-0.0004001191188710878
0.001416377302568697
-0.00034762337633995944
0.00018222009069927554
0.00069110146483675
0.0009398400918837076
0.0012290102037964738
-6.131044214628465e-05
0.0013749321801848275
0.00016393449168045058
0.0007207116372021509
0.0006560404899117717
5.542685891650216e-05
0.0007831680161021048
-3.4671964283781085e-06
0.001043803200879388
0.00044520787401233303
-0.0004414841992345547
5.271746045166096e-05
-0.0002998126600208769
0.0007543298956714276
0.0006875260798786687
0.0014185156928118875
0.0004721491276826074
0.0010105072828913502
0.001434406935365156
-0.0001529094615267226
0.0011958219099395667
-0.00011460999959941775
0.0002360462366195859
-0.00010325045566509729
0.0013988751210381892
0.001084112466708497
0.0010168350273075367
0.0008140061736809194
0.0008535566844259135
0.0007758105208846428
0.0005265028508311294
0.0011644898077193576
0.0009521613711959222
0.0012829999000240492
0.0010171929103637248
0.00037621082949536425
0.0001141408397669976
0.001257362080589066
0.0013495502624869115
0.0001455282451248169
-0.00046620961878629297
0.0007498786136726044
0.0002327055486760889
0.0010217339750211855
-0.00019651684333740676
-0.0002701667062017712
0.00036595097402192364
0.0007937012732174551
0.0012589756811641009
-3.6256341321383544e-05
-0.0004508766718547783
0.0007368825898479966
0.0007886633556192216
9.641911259723216e-06
0.0008319735992598823
0.0002532470648462249
0.0012979302000144795
-0.00023248355888709274
0.00026612681377494646
-7.093251685277587e-05
0.0002559906494674929
0.000315843029738539
0.0008038058854990778
0.0001330838571193298
0.0010706214205058126
0.00019302636717785684
0.0010352551072035485
-0.00024611778927509647
0.0011067187198105998
0.0002769518803169174
0.0011997243388199234
0.0014635942131868928
0.0005136600349026166
0.0006389147115853401
-5.2323174432786866e-05
0.0014528623651516273
0.00013764242491922879
0.001384058378891818
0.0012163201880168934
-0.00038794100605959623
0.0015462787694432978
0.0014582034176242942
0.0010645642943955724
0.0009342664616520411
0.001406614465186221
-3.272093614432535e-05
0.0013387590218453748
-0.00015342256393372042
0.0009669147185350117
-4.9160297136253885e-05
0.001271679908511496
-4.3171774170529824e-05
-0.00039939313834844533
0.0006370514025061566
0.00033948796072602984
0.0004826012795788068
0.0006355779908661593
0.0003682506488388366
0.0011395199130265741
0.001115477109499247
0.000931051240667809
0.0012135151591988447
0.001088848602478923
0.00041928320146251004
0.0013496028098549688
0.0011225144408320191
0.0010732800350344174
-0.0003723789167017917
0.000280518993661402
-0.00025266025834219
-6.570291082086083e-05
-0.0002606377378725499
0.00117866175718253
0.0001513632645410641
0.000734676731180497
0.0003096645298458838
0.0002581772436660959
0.0013689068501864829
0.001338103823302
0.00023845423785078665
-0.00016048164531350115
0.00012124959664349073
0.00037380548770472486
0.0011289399466499661
0.0004944866694334065
-5.976523842372807e-06
-0.00021057347130341706
0.0010353272292162223
-0.0004085829008157658
0.0005398746913898322
0.0005819654229065259
-0.0004509924871965468
-6.515615477962733e-05
-4.065666168329847e-05
-0.00010748126884467016
0.0013657030068606533
0.0007713758106880908
0.000884623216474799
0.001470654790371031
0.0005865210048711586
0.0013765555648867292
0.00059346697741765
0.0005426529313553781
0.0008882504671239686
-0.00040012725447094796
0.0011795650230149149
-0.00023608610992947613
0.0005442832633550502
0.0009378813882601237
0.000706489351154741
-0.0001280696647319066
0.00035766680376479363
0.0006556021773053757
0.00014582689474237573
0.0005445111234140156
-0.00013866338584355656
-0.00038847322237429364
0.0006655277133941213
0.00038913504498585405
-0.00016651288441455017
-0.00022063722973354426
-0.00018115412202822397
0.0004691574227366618
0.001253553498434567
8.550162660890904e-05
0.0002309776992605407
-0.0004137627656217319
-0.00020559704435173086
-0.0003298817469909633
-9.754706258543623e-05
-0.00041701463551214026
0.0010452007083465635
-0.0004343321340195954
0.0012064296896293603
0.0010563740936776235
-0.0003436902751646918
0.000739762219149785
0.0001036320505327794
0.0011197902411326413
0.0010150522000103121
0.0009677706101345107
0.000605609569048664
7.761116591291352e-05
-0.00038388840959337314
0.0004399417711113511
-0.00045542345612479353
-0.0002991883819366277
0.001154622925001045
0.0012071536189869102
0.0005591064029004117
-0.00048370297144316243
0.0002498808454630242
0.000771136699359437
-0.00031788152310077683
0.0009574794689362517
-0.0003577352183245234
0.00031470944618920574
0.00029696552938281666
-0.0001807897274693069
0.0006185585523705904
0.0009470927799208262
-0.00010875982296832021
0.001186055844969433
-0.00019061187023464997
0.0003321265831512584
0.0007690246070648664
0.0013377109296941019
-0.0004475408694775338
0.0014010380692934424
0.0003334079039518374
0.00040036874186514826
0.001167372388305474
-0.00044961170983249843
0.0014150194241796129
0.00036240548663950836
0.0011902433236012852
0.0010354652034517077
-0.00011830950506501185
-0.0004135197763069149
0.0006863409414745277
-0.0003424116352543887
0.0003001184118215623
-0.00044273729517435784
0.0007714870746652424
-0.0003853023058278928
-0.0001813831519015936
0.0005043848327188519
0.001257378369540912
0.0015071408284450074
0.0002917986671285426
0.0003497391811588934
-0.0004027546416978122
0.00021536236077617624
0.00041616183939690145
0.00023246344412558695
7.403172682132533e-05
0.0008002584795090149
0.00044496479936474736
0.0005077166302266119
0.0008590968928834017
-0.0004980051037177648
0.00018305930320857165
-0.000428644033210467
0.0008087287314211672
0.0010837257848318156
0.0012993507808271069
0.0007406580641697645
-0.0002469345481433567
0.0006731486789326226
-0.00045561562614446856
0.0008921258772499196
0.00012542717504733636
0.0014698779405360007
0.0010719495098420947
0.0008066603063548269
0.0012996629970920283
0.0001647305931218335
0.0013867432146519188
0.0013914093979658835
-0.00038010313042009553
0.0005420183585923838
-0.0003541519711132357
0.0008391074367269098
0.000641804350441271
0.0006891431365123683
-0.00036252822806231603
0.0013572897936379922
0.0003383958374085395
4.595012264568497e-05
0.0006037375278621986
0.00044998459365328734
0.001206432179537182
0.0003465787822102083
0.000338653825566907
0.00041213890407676657
-0.0003002005508304082
0.0005088336829778548
0.001308498808917914
-3.379827484243468e-05
0.0013420815665493486
0.0010192908347869524
0.0009187493730337418
-0.00017038522156992647
0.0007473857891356569
0.0009027279351210754
9.95746023039317e-05
0.00077828861769564
-0.00031457847980754925
0.000718087859909753
0.000262676311375354
0.00080868635330838
-0.00021795582732890963
0.0011276076262534047
-0.00021405873709765902
0.0013810736082878544
0.0010044428830956458
0.0010303471525875915
0.0009117889896596561
0.0005643398761419547
-6.519638103481846e-07
0.0003183320612978929
-0.0003526808590515813
0.0005251296455424303
-3.776717809905625e-05
-2.502760330488743e-05
0.0014478124061886213
-0.00046717810465241684
0.0009458536052420244
-4.248655381254469e-05
0.0006543130016084306
-0.00041822078359928747
0.00028624694895528917
0.0001630702586190189
0.0013531175476177058
0.0008227214898767329
-0.00045201063536793305
0.0010950683451961274
0.0008679043999226448
0.001038267223773587
4.289760141137112e-05
0.0011014239952778291
-0.0001280907536764711
-0.0002486866432641637
0.0005242414541827838
0.0008749720031989736
-0.0001869920728072372
0.0010102827668068872
0.0014870503248809762
-0.0001648225439458525
0.00039716353883655395
0.000653877953113674
0.0012458375451055465
0.0010850340429719024
0.0002453384259779276
0.00040888026409133563
0.00031689837422105576
0.0003204020480019592
0.00011020631899973865
-0.00012068505037716384
0.0008029610375127728
0.00020439064089670952
0.0009241990231338027
0.00088006586087725
0.0011571748823774256
0.0012222198057563662
0.00148772163111875
0.0007709337419635722
0.0006252283938694755
0.001469029575041568
-9.58264672187965e-06
-0.0004060879493379514
0.0005039085751812521
0.000390312295111972
-0.00028172124987598906
-0.00026880999647988185
0.001329244486589616
0.0013146009132976421
0.00023780312822574464
-0.00026327482576261993
0.0006319982599877228
0.00030381598752363527
0.001594619115239772
0.0007531813643472933
0.0007374090901030163
0.000308773407342974
0.00010721253376684953
0.0009750986031581017
0.00039140094041657553
-0.00012574196629719465
0.0014387545521203624
-0.00036180623246054994
-0.00018992048953659363
0.0012466178883701385
0.0007336205206236364
0.0006622936370526985
0.0009903544873187382
-6.57258794038395e-05
0.0004792890261535426
0.0003110221652582926
-0.00013936763860865982
0.0009142152496990692
-0.00048084946525182604
-0.00010930695135222165
-2.639481923488136e-05
0.0005331672986086468
0.0003078820141945016
0.0005851568805913009
0.0004646153457144242
-0.0003656785680153373
-8.860020845313225e-05
0.001300069483010397
0.0010640146627176723
0.0003857054314506886
0.001466192913954716
0.0012968973918559548
0.00015715206176092296
0.0006761058256882411
0.0007898656537838796
-0.00040362353177407587
0.000676449806813697
0.00010860793604163161
0.0009586521257735826
0.0005721733988683001
0.0006170670233847647
0.0007894128276106786
0.0010249222107265013
0.0010946941740254581
0.0001347010372678233
0.0005682368332021627
-8.347541385113161e-05
0.0008703725127372539
-0.00044801940615365505
-0.00015242320552028878
0.0009013109227566719
0.0008115251794605092
0.0009676409105027434
6.497959232205005e-05
0.0006942277228407903
0.001250035993030456
0.0011120450397601894
-1.2568602044597334e-05
0.0002862230858662457
0.0011857067070945957
0.0005998317396520328
0.0006727633026277734
-0.0003363430431516488
0.0007666048099835525
0.0013357146785227044
5.2047856484067986e-05
-0.0004361690303848057
0.0015013607148458802
0.00012088289374236611
0.0004949502814830508
0.001488157643357045
0.0010513999632324265
0.0008307665537330207
0.000662158521732583
0.00030971846178572013
0.001135090723011917
0.00031358496505010645
0.00030728031769571365
0.00035388797629392607
0.0012363451724208261
0.0011545515519757936
0.00031223935663580115
0.0009621337791792601
0.001298369798123494
0.0009557846216517616
0.00016609479515753344
-0.00014150561866761773
0.0011800346026044537
0.0008402967501082181
0.0009965828483765684
0.0014944425130113661
0.000531394917119909
0.0014026429556616372
0.00029692189506403543
0.0005593859185315521
0.0005306808168925103
0.0006139108338009148
0.0011000304676950946
0.0006031240770074513
0.00020725385454169846
0.0008303422790003079
0.0010516881614188306
-0.00023318372619077945
0.0008474915366670618
-0.0005010688306921943
-9.143186520873444e-05
0.00029071415219530824
0.0012386176884071484
-0.00014008405698071985
0.0013937010142150226
-0.00046220719803657213
0.0011300561580864152
7.570405979024108e-05
8.369989325678885e-05
0.0009729604224183146
0.00042263901614755594
0.00028118107823836997
0.0009753539691294297
-0.0001874089363436986
0.0012491404081884565
8.104377089149283e-05
9.7936150844179e-05
0.0014245781702141574
0.00017317193884577276
0.00023570131446707716
0.0006952279559207467
0.0009903938291269824
0.0012136511465517276
0.0009582612351437692
-0.000421025658669083
0.0009487345855657215
0.0006076304677091184
0.0013280749927962745
0.0004673808469427562
0.0010393075549749943
0.00043242707576449633
0.0013887740865722012
0.000797002114234053
-9.018435161602687e-05
0.0011018672566283846
-7.33308019919614e-05
0.0014856451803057873
0.0014642581102689192
0.0010120910892927883
0.0002837695726924827
0.0005336938639226417
9.235050922623096e-05
-0.0003546517042821207
0.0011803512711821233
9.950881462817007e-05
0.0004812786324419221
-7.617200303864041e-05
0.0008530165735745462
0.00077169656633389
0.0005566772055067148
0.0014336200635871243
-0.00040284461484041835
0.0011303836371104386
0.000660906530276521
-9.849877585442455e-06
0.00032165677506962244
0.0012351319028539236
-0.00040166065067436153
0.0002328602933081205
0.0014195283775440858
-5.67722705229025e-05
0.00024352453297775035
-0.00028485738209197575
-0.00015001220831566142
0.0012428961246056084
0.00018827040537888122
0.0006607256821507087
2.0832622143875706e-05
-3.073336926295279e-05
0.0010846069142219459
-0.00011893920769168114
0.0013024004984916297
0.001187546711157535
0.0008489506420849173
0.0003092189962310528
0.00031877827605332395
0.0011915450131480822
0.00020366594347719712
0.001338674543030907
-0.00028976425117027146
0.00025185735291801786
0.0007567372529781866
0.0011393637224320688
0.001343501172599558
0.0010262189700211669
-0.0001295484840723051
0.00023234028025495833
0.00022783801008380414
-0.00013466294589801212
