0.000278
0.000935
0.000440
0.000732
0.000652
0.000855
0.000139
0.000487
0.000500
-0.000161
0.000486
0.001133
0.000884
-0.000440
0.000689
0.001118
-0.000358
-0.000177
0.001075
0.000739
-0.000182
-0.000332
0.000004
0.000169
0.001312
0.000492
0.000568
0.000334
0.001057
-0.000351
-0.000079
-0.000076
0.001206
0.001196
0.000681
0.000181
0.001164
0.000844
-0.000390
0.000369
-0.000286
-0.000139
0.000686
0.000717
-0.000308
0.001104
-0.000487
0.000843
-0.000291
0.001073
0.001356
-0.000297
-0.000281
0.000910
0.000314
0.000972
0.000274
0.000519
0.000869
0.001156
-0.000263
0.000595
-0.000324
0.001106
0.000454
-0.000160
0.000978
0.000552
0.001072
0.000045
0.001481
0.001173
0.000924
0.000498
-0.000422
0.001065
0.000626
0.001278
-0.000058
0.000640
0.000849
-0.000039
0.001040
0.000687
-0.000199
0.000050
-0.000314
0.000681
0.000176
0.001232
0.001243
0.000636
-0.000193
0.001088
0.000044
0.001077
-0.000281
0.000892
-0.000389
0.000137
0.000042
-0.000154
0.000725
0.000141
0.001057
0.001495
0.001136
0.000266
-0.000158
0.001521
0.000307
0.000459
-0.000235
0.001026
0.000994
0.001053
0.000019
-0.000239
0.000399
-0.000289
0.000255
0.000965
-0.000365
0.000595
-0.000107
0.000447
0.000779
0.000286
0.000242
0.000627
0.000900
0.000282
0.001447
0.000966
0.000743
0.000533
0.000246
0.001277
0.000189
0.001306
-0.000172
0.001500
-0.000063
0.000990
-0.000479
-0.000256
-0.000169
0.001371
-0.000188
0.000487
-0.000387
-0.000030
0.000528
0.000946
0.000168
-0.000259
0.001232
0.001218
0.000394
0.001066
0.001276
0.000787
-0.000021
0.000886
-0.000398
0.000037
-0.000437
-0.000137
-0.000173
-0.000085
0.001351
-0.000400
0.000334
0.000647
0.000716
0.001189
0.000559
0.000296
0.000185
0.000077
0.000245
0.000417
0.000093
-0.000493
-0.000153
-0.000386
0.000707
0.001227
0.000513
0.001380
0.000037
-0.000064
-0.000471
0.000815
-0.000161
0.000754
0.000172
0.000260
0.000715
0.000592
0.000561
0.001445
-0.000434
0.001024
0.000682
0.000626
0.000129
0.000057
0.000375
-0.000121
0.000906
0.001122
-0.000136
0.000832
0.001169
0.000876
-0.000145
0.000121
0.000574
0.000976
0.000763
-0.000122
0.001053
-0.000362
0.000920
0.000347
0.000044
0.000674
0.001049
0.000335
0.000606
-0.000430
0.000459
-0.000400
0.001244
0.000986
0.000511
0.000471
0.000208
-0.000202
0.000728
0.000529
0.000281
0.000405
-0.000165
0.001040
-0.000338
0.000473
0.001393
0.000189
0.000182
0.000883
0.001198
0.000537
0.000795
0.001379
0.000449
0.000289
-0.000024
0.000360
-0.000113
-0.000247
0.001217
0.001165
-0.000192
-0.000158
0.000626
-0.000129
0.000972
0.000893
-0.000356
-0.000232
0.001106
-0.000400
0.000636
0.001150
0.001122
0.000810
0.001301
-0.000007
-0.000251
-0.000320
0.000427
0.000490
-0.000350
0.000439
-0.000114
-0.000259
-0.000438
0.000941
-0.000380
0.001404
0.000074
0.000296
0.000588
-0.000338
0.001152
0.000904
0.000564
0.000428
0.000419
0.001532
0.000885
0.000564
0.001372
-0.000002
-0.000013
0.000858
0.000582
0.000254
0.000290
0.001042
-0.000265
-0.000438
0.000129
0.001408
0.000286
0.000391
0.001023
0.001419
0.001340
0.000573
-0.000189
0.000567
0.001129
0.000914
-0.000054
0.001175
-0.000319
0.000866
0.000748
0.001443
0.001015
0.000999
0.000389
-0.000295
0.000067
0.000501
0.001246
0.001365
0.000905
0.000762
-0.000031
0.001270
0.000156
-0.000059
0.001282
0.000043
-0.000125
0.000702
0.000430
0.000911
-0.000090
0.000736
0.000076
0.000500
0.000391
0.000220
-0.000174
0.000417
0.001224
0.000342
0.001165
0.000871
0.001408
0.000699
0.000191
0.000143
0.000383
0.001295
0.000705
0.000558
-0.000125
-0.000203
-0.000153
0.000599
0.000131
0.001358
0.001034
0.001227
-0.000376
-0.000094
0.001478
0.001142
0.000267
-0.000477
-0.000141
-0.000142
0.000760
0.001490
0.001409
0.001212
0.000831
-0.000493
-0.000174
0.000937
0.000065
0.000607
0.000034
0.000543
-0.000364
0.001534
0.000986
0.000707
-0.000474
0.000642
0.001081
-0.000323
0.000588
0.001499
0.000857
0.001488
0.000324
-0.000199
0.000969
0.000146
0.000088
0.001016
0.000270
0.000307
-0.000427
0.000117
-0.000304
0.000322
0.000115
0.001112
0.000122
0.000265
0.000955
0.000477
-0.000222
0.000259
0.000801
0.000925
0.001278
-0.000291
-0.000401
0.001417
-0.000347
0.000183
0.000691
0.000939
0.001229
-0.000062
0.001375
0.000163
0.000721
0.000656
0.000055
0.000784
-0.000004
0.001044
0.000446
-0.000442
0.000053
-0.000299
0.000755
0.000688
0.001418
0.000473
0.001011
0.001435
-0.000153
0.001195
-0.000115
0.000237
-0.000104
0.001399
0.001085
0.001016
0.000815
0.000853
0.000776
0.000527
0.001164
0.000953
0.001282
0.001018
0.000376
0.000114
0.001257
0.001349
0.000146
-0.000467
0.000750
0.000232
0.001022
-0.000196
-0.000271
0.000366
0.000793
0.001259
-0.000037
-0.000451
0.000736
0.000789
0.000009
0.000832
0.000253
0.001297
-0.000232
0.000266
-0.000071
0.000255
0.000315
0.000803
0.000133
0.001071
0.000194
0.001035
-0.000247
0.001107
0.000277
0.001200
0.001463
0.000513
0.000639
-0.000053
0.001453
0.000137
0.001385
0.001217
-0.000387
0.001547
0.001458
0.001065
0.000934
0.001406
-0.000032
0.001338
-0.000154
0.000967
-0.000050
0.001271
-0.000044
-0.000400
0.000637
0.000340
0.000482
0.000636
0.000369
0.001139
0.001116
0.000931
0.001214
0.001088
0.000420
0.001350
0.001122
0.001073
-0.000373
0.000281
-0.000253
-0.000065
-0.000261
0.001178
0.000151
0.000735
0.000310
0.000259
0.001369
0.001338
0.000239
-0.000160
0.000122
0.000374
0.001129
0.000494
-0.000005
-0.000211
0.001035
-0.000409
0.000540
0.000582
-0.000450
-0.000066
-0.000041
-0.000107
0.001365
0.000772
0.000885
0.001470
0.000586
0.001377
0.000593
0.000542
0.000889
-0.000400
0.001180
-0.000237
0.000545
0.000937
0.000707
-0.000129
0.000357
0.000656
0.000146
0.000544
-0.000139
-0.000388
0.000665
0.000389
-0.000167
-0.000221
-0.000181
0.000469
0.001254
0.000085
0.000230
-0.000414
-0.000205
-0.000330
-0.000097
-0.000417
0.001046
-0.000435
0.001207
0.001057
-0.000343
0.000740
0.000103
0.001119
0.001016
0.000968
0.000605
0.000078
-0.000384
0.000439
-0.000455
-0.000300
0.001155
0.001208
0.000560
-0.000484
0.000250
0.000772
-0.000317
0.000958
-0.000357
0.000315
0.000297
-0.000181
0.000619
0.000948
-0.000109
0.001187
-0.000190
0.000332
0.000770
0.001338
-0.000448
0.001401
0.000333
0.000401
0.001167
-0.000450
0.001415
0.000362
0.001190
0.001036
-0.000119
-0.000414
0.000686
-0.000342
0.000301
-0.000443
0.000771
-0.000385
-0.000182
0.000504
0.001258
0.001508
0.000291
0.000350
-0.000403
0.000215
0.000417
0.000233
0.000074
0.000800
0.000445
0.000508
0.000860
-0.000498
0.000183
-0.000429
0.000809
0.001084
0.001300
0.000741
-0.000246
0.000674
-0.000456
0.000892
0.000126
0.001469
0.001072
0.000806
0.001300
0.000164
0.001387
0.001392
-0.000380
0.000543
-0.000355
0.000839
0.000642
0.000690
-0.000362
0.001358
0.000339
0.000045
0.000604
0.000449
0.001206
0.000346
0.000338
0.000413
-0.000300
0.000508
0.001309
-0.000034
0.001342
0.001020
0.000919
-0.000171
0.000748
0.000902
0.000099
0.000778
-0.000315
0.000718
0.000262
0.000809
-0.000218
0.001127
-0.000214
0.001382
0.001005
0.001030
0.000911
0.000565
-0.000001
0.000319
-0.000353
0.000526
-0.000037
-0.000025
0.001448
-0.000467
0.000945
-0.000042
0.000655
-0.000418
0.000287
0.000163
0.001354
0.000822
-0.000452
0.001095
0.000868
0.001038
0.000042
0.001101
-0.000129
-0.000248
0.000524
0.000875
-0.000187
0.001010
0.001488
-0.000164
0.000397
0.000654
0.001246
0.001086
0.000246
0.000408
0.000317
0.000320
0.000111
-0.000120
0.000802
0.000205
0.000924
0.000880
0.001157
0.001222
0.001487
0.000770
0.000626
0.001470
-0.000010
-0.000407
0.000503
0.000390
-0.000281
-0.000269
0.001329
0.001314
0.000238
-0.000264
0.000631
0.000304
0.001595
0.000754
0.000738
0.000308
0.000107
0.000976
0.000391
-0.000126
0.001439
-0.000361
-0.000189
0.001246
0.000733
0.000662
0.000991
-0.000066
0.000480
0.000311
-0.000139
0.000915
-0.000481
-0.000110
-0.000026
0.000534
0.000308
0.000586
0.000464
-0.000366
-0.000089
0.001300
0.001065
0.000386
0.001466
0.001296
0.000158
0.000676
0.000789
-0.000404
0.000677
0.000109
0.000959
0.000573
0.000618
0.000789
0.001025
0.001094
0.000134
0.000568
-0.000083
0.000871
-0.000448
-0.000153
0.000902
0.000812
0.000967
0.000064
0.000695
0.001250
0.001112
-0.000012
0.000287
0.001186
0.000599
0.000672
-0.000336
0.000767
0.001336
0.000053
-0.000436
0.001501
0.000120
0.000494
0.001489
0.001051
0.000830
0.000662
0.000309
0.001135
0.000313
0.000308
0.000353
0.001236
0.001154
0.000313
0.000962
0.001298
0.000955
0.000167
-0.000141
0.001181
0.000840
0.000997
0.001494
0.000532
0.001403
0.000297
0.000559
0.000530
0.000613
0.001100
0.000604
0.000208
0.000830
0.001052
-0.000234
0.000848
-0.000501
-0.000092
0.000290
0.001239
-0.000140
0.001393
-0.000462
0.001130
0.000076
0.000084
0.000972
0.000423
0.000282
0.000976
-0.000187
0.001250
0.000082
0.000097
0.001424
0.000173
0.000236
0.000696
0.000990
0.001214
0.000958
-0.000421
0.000948
0.000608
0.001329
0.000467
0.001039
0.000432
0.001388
0.000798
-0.000090
0.001102
-0.000074
0.001485
0.001465
0.001012
0.000284
0.000533
0.000093
-0.000354
0.001180
0.000100
0.000481
-0.000077
0.000854
0.000771
0.000557
0.001433
-0.000402
0.001130
0.000660
-0.000010
0.000322
0.001235
-0.000401
0.000233
0.001419
-0.000056
0.000244
-0.000285
-0.000151
0.001242
0.000188
0.000661
0.000020
-0.000030
0.001084
-0.000118
0.001303
0.001187
0.000848
0.000309
0.000319
0.001192
0.000204
0.001338
-0.000290
0.000251
0.000757
0.001140
0.001344
0.001026
-0.000129
0.000232
0.000228
-0.000135
